[2019-11-12 23:25:40] Initializing...
FISCO-BCOS Version : 2.0.0
Build Time         : 20190705 13:17:29
Build Type         : Linux/clang/Release
Git Branch         : HEAD
Git Commit Hash    : d8605a73e30148cfb9b63807fb85fa211d365014
[2019-11-12 23:25:40] The FISCO-BCOS is running...
[2019-11-13 10:32:55] Initializing...
FISCO-BCOS Version : 2.0.0
Build Time         : 20190705 13:17:29
Build Type         : Linux/clang/Release
Git Branch         : HEAD
Git Commit Hash    : d8605a73e30148cfb9b63807fb85fa211d365014
[2019-11-13 10:32:56] The FISCO-BCOS is running...
[2019-11-13 10:38:55] FISCO-BCOS program exit normally.
[2019-11-13 10:39:00] Initializing...
FISCO-BCOS Version : 2.0.0
Build Time         : 20190705 13:17:29
Build Type         : Linux/clang/Release
Git Branch         : HEAD
Git Commit Hash    : d8605a73e30148cfb9b63807fb85fa211d365014
[2019-11-13 10:39:00] The FISCO-BCOS is running...
[2019-11-13 11:18:38] FISCO-BCOS program exit normally.
[2019-11-13 11:19:02] Initializing...
FISCO-BCOS Version : 2.0.0
Build Time         : 20190705 13:17:29
Build Type         : Linux/clang/Release
Git Branch         : HEAD
Git Commit Hash    : d8605a73e30148cfb9b63807fb85fa211d365014
[2019-11-13 11:19:02] The FISCO-BCOS is running...
[2019-11-13 11:20:16] FISCO-BCOS program exit normally.
[2019-11-13 11:24:14] Initializing...
FISCO-BCOS Version : 2.0.0
Build Time         : 20190705 13:17:29
Build Type         : Linux/clang/Release
Git Branch         : HEAD
Git Commit Hash    : d8605a73e30148cfb9b63807fb85fa211d365014
[2019-11-13 11:24:14] The FISCO-BCOS is running...
[2019-11-13 11:31:22] FISCO-BCOS program exit normally.
[2019-11-13 11:31:29] Initializing...
FISCO-BCOS Version : 2.0.0
Build Time         : 20190705 13:17:29
Build Type         : Linux/clang/Release
Git Branch         : HEAD
Git Commit Hash    : d8605a73e30148cfb9b63807fb85fa211d365014
[2019-11-13 11:31:29] The FISCO-BCOS is running...
[2019-11-13 11:33:43] FISCO-BCOS program exit normally.
[2019-11-13 11:33:48] Initializing...
FISCO-BCOS Version : 2.0.0
Build Time         : 20190705 13:17:29
Build Type         : Linux/clang/Release
Git Branch         : HEAD
Git Commit Hash    : d8605a73e30148cfb9b63807fb85fa211d365014
[2019-11-13 11:33:48] The FISCO-BCOS is running...
[2019-11-13 12:22:46] FISCO-BCOS program exit normally.
[2019-11-13 12:22:59] Initializing...
FISCO-BCOS Version : 2.0.0
Build Time         : 20190705 13:17:29
Build Type         : Linux/clang/Release
Git Branch         : HEAD
Git Commit Hash    : d8605a73e30148cfb9b63807fb85fa211d365014
[2019-11-13 12:23:00] The FISCO-BCOS is running...
[2019-11-14 16:30:44] Initializing...
FISCO-BCOS Version : 2.0.0
Build Time         : 20190705 13:17:29
Build Type         : Linux/clang/Release
Git Branch         : HEAD
Git Commit Hash    : d8605a73e30148cfb9b63807fb85fa211d365014
[2019-11-14 16:30:46] The FISCO-BCOS is running...
[2019-11-15 10:06:31] Initializing...
FISCO-BCOS Version : 2.0.0
Build Time         : 20190705 13:17:29
Build Type         : Linux/clang/Release
Git Branch         : HEAD
Git Commit Hash    : d8605a73e30148cfb9b63807fb85fa211d365014
[2019-11-15 10:06:33] The FISCO-BCOS is running...
[2019-11-15 13:13:15] Initializing...
FISCO-BCOS Version : 2.0.0
Build Time         : 20190705 13:17:29
Build Type         : Linux/clang/Release
Git Branch         : HEAD
Git Commit Hash    : d8605a73e30148cfb9b63807fb85fa211d365014
[2019-11-15 13:13:17] The FISCO-BCOS is running...
[2019-11-15 16:29:48] Initializing...
FISCO-BCOS Version : 2.0.0
Build Time         : 20190705 13:17:29
Build Type         : Linux/clang/Release
Git Branch         : HEAD
Git Commit Hash    : d8605a73e30148cfb9b63807fb85fa211d365014
[2019-11-15 16:29:51] The FISCO-BCOS is running...
[2019-11-15 19:48:20] Initializing...
FISCO-BCOS Version : 2.0.0
Build Time         : 20190705 13:17:29
Build Type         : Linux/clang/Release
Git Branch         : HEAD
Git Commit Hash    : d8605a73e30148cfb9b63807fb85fa211d365014
[2019-11-15 19:48:22] The FISCO-BCOS is running...
[2019-12-10 21:12:51] Initializing...
FISCO-BCOS Version : 2.0.0
Build Time         : 20190705 13:17:29
Build Type         : Linux/clang/Release
Git Branch         : HEAD
Git Commit Hash    : d8605a73e30148cfb9b63807fb85fa211d365014
[2019-12-10 21:12:53] The FISCO-BCOS is running...
[2019-12-11 14:42:13] Initializing...
FISCO-BCOS Version : 2.0.0
Build Time         : 20190705 13:17:29
Build Type         : Linux/clang/Release
Git Branch         : HEAD
Git Commit Hash    : d8605a73e30148cfb9b63807fb85fa211d365014
[2019-12-11 14:42:13] The FISCO-BCOS is running...
[2019-12-11 21:30:25] Initializing...
FISCO-BCOS Version : 2.0.0
Build Time         : 20190705 13:17:29
Build Type         : Linux/clang/Release
Git Branch         : HEAD
Git Commit Hash    : d8605a73e30148cfb9b63807fb85fa211d365014
[2019-12-11 21:30:25] The FISCO-BCOS is running...
[2019-12-11 21:33:26] Initializing...
FISCO-BCOS Version : 2.0.0
Build Time         : 20190705 13:17:29
Build Type         : Linux/clang/Release
Git Branch         : HEAD
Git Commit Hash    : d8605a73e30148cfb9b63807fb85fa211d365014
[2019-12-11 21:33:26] The FISCO-BCOS is running...
[2019-12-11 21:34:00] Initializing...
FISCO-BCOS Version : 2.0.0
Build Time         : 20190705 13:17:29
Build Type         : Linux/clang/Release
Git Branch         : HEAD
Git Commit Hash    : d8605a73e30148cfb9b63807fb85fa211d365014
[2019-12-11 21:34:00] The FISCO-BCOS is running...
[2019-12-12 14:27:11] Initializing...
FISCO-BCOS Version : 2.0.0
Build Time         : 20190705 13:17:29
Build Type         : Linux/clang/Release
Git Branch         : HEAD
Git Commit Hash    : d8605a73e30148cfb9b63807fb85fa211d365014
[2019-12-12 14:27:13] The FISCO-BCOS is running...
[2019-12-12 19:12:59] Initializing...
FISCO-BCOS Version : 2.0.0
Build Time         : 20190705 13:17:29
Build Type         : Linux/clang/Release
Git Branch         : HEAD
Git Commit Hash    : d8605a73e30148cfb9b63807fb85fa211d365014
[2019-12-12 19:13:00] The FISCO-BCOS is running...
[2019-12-12 23:55:05] Initializing...
FISCO-BCOS Version : 2.0.0
Build Time         : 20190705 13:17:29
Build Type         : Linux/clang/Release
Git Branch         : HEAD
Git Commit Hash    : d8605a73e30148cfb9b63807fb85fa211d365014
[2019-12-12 23:55:06] The FISCO-BCOS is running...
[2019-12-13 09:07:59] Initializing...
FISCO-BCOS Version : 2.0.0
Build Time         : 20190705 13:17:29
Build Type         : Linux/clang/Release
Git Branch         : HEAD
Git Commit Hash    : d8605a73e30148cfb9b63807fb85fa211d365014
[2019-12-13 09:08:00] The FISCO-BCOS is running...
[2019-12-13 09:56:05] FISCO-BCOS program exit normally.
[2019-12-13 09:56:52] Initializing...
FISCO-BCOS Version : 2.0.0
Build Time         : 20190705 13:17:29
Build Type         : Linux/clang/Release
Git Branch         : HEAD
Git Commit Hash    : d8605a73e30148cfb9b63807fb85fa211d365014
[2019-12-13 09:56:52] The FISCO-BCOS is running...
[2019-12-13 09:58:44] FISCO-BCOS program exit normally.
[2019-12-13 10:02:40] Initializing...
FISCO-BCOS Version : 2.0.0
Build Time         : 20190705 13:17:29
Build Type         : Linux/clang/Release
Git Branch         : HEAD
Git Commit Hash    : d8605a73e30148cfb9b63807fb85fa211d365014
[2019-12-13 10:02:40] The FISCO-BCOS is running...
[2019-12-13 14:29:54] FISCO-BCOS program exit normally.
[2019-12-13 14:31:18] Initializing...
FISCO-BCOS Version : 2.0.0
Build Time         : 20190705 13:17:29
Build Type         : Linux/clang/Release
Git Branch         : HEAD
Git Commit Hash    : d8605a73e30148cfb9b63807fb85fa211d365014
[2019-12-13 14:31:19] The FISCO-BCOS is running...
[2019-12-13 15:38:05] Initializing...
FISCO-BCOS Version : 2.0.0
Build Time         : 20190705 13:17:29
Build Type         : Linux/clang/Release
Git Branch         : HEAD
Git Commit Hash    : d8605a73e30148cfb9b63807fb85fa211d365014
[2019-12-13 15:38:07] The FISCO-BCOS is running...
[2019-12-13 15:39:18] FISCO-BCOS program exit normally.
[2019-12-13 15:40:04] Initializing...
FISCO-BCOS Version : 2.0.0
Build Time         : 20190705 13:17:29
Build Type         : Linux/clang/Release
Git Branch         : HEAD
Git Commit Hash    : d8605a73e30148cfb9b63807fb85fa211d365014
[2019-12-13 15:40:04] The FISCO-BCOS is running...
[2019-12-13 19:14:42] Initializing...
FISCO-BCOS Version : 2.0.0
Build Time         : 20190705 13:17:29
Build Type         : Linux/clang/Release
Git Branch         : HEAD
Git Commit Hash    : d8605a73e30148cfb9b63807fb85fa211d365014
[2019-12-13 19:14:43] The FISCO-BCOS is running...
[2019-12-13 19:25:43] FISCO-BCOS program exit normally.
[2019-12-13 19:26:26] Initializing...
FISCO-BCOS Version : 2.0.0
Build Time         : 20190705 13:17:29
Build Type         : Linux/clang/Release
Git Branch         : HEAD
Git Commit Hash    : d8605a73e30148cfb9b63807fb85fa211d365014
[2019-12-13 19:26:26] The FISCO-BCOS is running...
[2019-12-13 19:36:27] Initializing...
FISCO-BCOS Version : 2.0.0
Build Time         : 20190705 13:17:29
Build Type         : Linux/clang/Release
Git Branch         : HEAD
Git Commit Hash    : d8605a73e30148cfb9b63807fb85fa211d365014
[2019-12-13 19:36:29] The FISCO-BCOS is running...
[2019-12-13 19:45:11] FISCO-BCOS program exit normally.
[2019-12-13 19:46:01] Initializing...
FISCO-BCOS Version : 2.0.0
Build Time         : 20190705 13:17:29
Build Type         : Linux/clang/Release
Git Branch         : HEAD
Git Commit Hash    : d8605a73e30148cfb9b63807fb85fa211d365014
[2019-12-13 19:46:01] The FISCO-BCOS is running...
[2019-12-13 19:47:51] FISCO-BCOS program exit normally.
[2019-12-13 19:48:03] Initializing...
FISCO-BCOS Version : 2.0.0
Build Time         : 20190705 13:17:29
Build Type         : Linux/clang/Release
Git Branch         : HEAD
Git Commit Hash    : d8605a73e30148cfb9b63807fb85fa211d365014
[2019-12-13 19:48:04] The FISCO-BCOS is running...
[2019-12-13 20:32:57] FISCO-BCOS program exit normally.
